e:\silverx's space\vs2013 projects\rockitup\rockitup\release\vc120.pdb
e:\silverx's space\vs2013 projects\rockitup\rockitup\release\texture.obj
e:\silverx's space\vs2013 projects\rockitup\rockitup\release\silmesh.obj
e:\silverx's space\vs2013 projects\rockitup\rockitup\release\shaderlib.obj
e:\silverx's space\vs2013 projects\rockitup\rockitup\release\shaderfileparser.obj
e:\silverx's space\vs2013 projects\rockitup\rockitup\release\quad.obj
e:\silverx's space\vs2013 projects\rockitup\rockitup\release\oglapp.obj
e:\silverx's space\vs2013 projects\rockitup\rockitup\release\myapp.obj
e:\silverx's space\vs2013 projects\rockitup\rockitup\release\main.obj
e:\silverx's space\vs2013 projects\rockitup\rockitup\release\glutils.obj
e:\silverx's space\vs2013 projects\rockitup\rockitup\release\glshader.obj
e:\silverx's space\vs2013 projects\rockitup\rockitup\release\fpscontroller.obj
e:\silverx's space\vs2013 projects\rockitup\rockitup\release\camera.obj
e:\silverx's space\vs2013 projects\rockitup\bin\rockitup.exe
e:\silverx's space\vs2013 projects\rockitup\bin\rockitup.pdb
e:\silverx's space\vs2013 projects\rockitup\\bin\rockitup.pdb
e:\silverx's space\vs2013 projects\rockitup\\bin\rockitup.exe
e:\silverx's space\vs2013 projects\rockitup\rockitup\release\rockitup.tlog\cl.command.1.tlog
e:\silverx's space\vs2013 projects\rockitup\rockitup\release\rockitup.tlog\cl.read.1.tlog
e:\silverx's space\vs2013 projects\rockitup\rockitup\release\rockitup.tlog\cl.write.1.tlog
e:\silverx's space\vs2013 projects\rockitup\rockitup\release\rockitup.tlog\link.command.1.tlog
e:\silverx's space\vs2013 projects\rockitup\rockitup\release\rockitup.tlog\link.read.1.tlog
e:\silverx's space\vs2013 projects\rockitup\rockitup\release\rockitup.tlog\link.write.1.tlog
