e:\silverx's space\vs2013 projects\rockitup\rockitup\debug\vc120.pdb
e:\silverx's space\vs2013 projects\rockitup\rockitup\debug\vc120.idb
e:\silverx's space\vs2013 projects\rockitup\rockitup\debug\camera.obj
e:\silverx's space\vs2013 projects\rockitup\rockitup\debug\fpscontroller.obj
e:\silverx's space\vs2013 projects\rockitup\rockitup\debug\glshader.obj
e:\silverx's space\vs2013 projects\rockitup\rockitup\debug\glutils.obj
e:\silverx's space\vs2013 projects\rockitup\rockitup\debug\main.obj
e:\silverx's space\vs2013 projects\rockitup\rockitup\debug\myapp.obj
e:\silverx's space\vs2013 projects\rockitup\rockitup\debug\oglapp.obj
e:\silverx's space\vs2013 projects\rockitup\rockitup\debug\quad.obj
e:\silverx's space\vs2013 projects\rockitup\rockitup\debug\shaderfileparser.obj
e:\silverx's space\vs2013 projects\rockitup\rockitup\debug\shaderlib.obj
e:\silverx's space\vs2013 projects\rockitup\rockitup\debug\silmesh.obj
e:\silverx's space\vs2013 projects\rockitup\rockitup\debug\texture.obj
e:\silverx's space\vs2013 projects\rockitup\bin\rockitup.ilk
e:\silverx's space\vs2013 projects\rockitup\bin\rockitup.exe
e:\silverx's space\vs2013 projects\rockitup\bin\rockitup.pdb
e:\silverx's space\vs2013 projects\rockitup\rockitup\debug\rockitup.tlog\cl.command.1.tlog
e:\silverx's space\vs2013 projects\rockitup\rockitup\debug\rockitup.tlog\cl.read.1.tlog
e:\silverx's space\vs2013 projects\rockitup\rockitup\debug\rockitup.tlog\cl.write.1.tlog
e:\silverx's space\vs2013 projects\rockitup\rockitup\debug\rockitup.tlog\link.command.1.tlog
e:\silverx's space\vs2013 projects\rockitup\rockitup\debug\rockitup.tlog\link.read.1.tlog
e:\silverx's space\vs2013 projects\rockitup\rockitup\debug\rockitup.tlog\link.write.1.tlog
